<?xml version="1.0" encoding="UTF-8"?>
<!-- Generated by org.testng.reporters.JUnitXMLReporter -->
<testsuite hostname="DESKTOP-0I3ILBP" ignored="0" name="Regression Demo QA" tests="3" failures="0" timestamp="29 sep 2022 22:21:16 GMT" time="30.059" errors="0">
  <testcase name="testForms" time="0.681" classname="frontend.tests.TestCasesDemo"/>
  <testcase name="testHome" time="0.258" classname="frontend.tests.TestCasesDemo"/>
  <testcase name="testPracticeForm" time="4.14" classname="frontend.tests.TestCasesDemo"/>
</testsuite> <!-- Regression Demo QA -->
