<?xml version="1.0" encoding="UTF-8"?>
<!-- Generated by org.testng.reporters.JUnitXMLReporter -->
<testsuite hostname="DESKTOP-0I3ILBP" ignored="0" name="Regression Automation Practice" tests="5" failures="0" timestamp="29 sep 2022 22:20:46 GMT" time="96.425" errors="0">
  <testcase name="testFive" time="24.731" classname="frontend.tests.TestCasesAutomationPractice"/>
  <testcase name="testFour" time="5.441" classname="frontend.tests.TestCasesAutomationPractice"/>
  <testcase name="testOne" time="0.209" classname="frontend.tests.TestCasesAutomationPractice"/>
  <testcase name="testThree" time="0.261" classname="frontend.tests.TestCasesAutomationPractice"/>
  <testcase name="testTwo" time="0.551" classname="frontend.tests.TestCasesAutomationPractice"/>
</testsuite> <!-- Regression Automation Practice -->
