<?xml version="1.0" encoding="UTF-8"?>
<testsuite xmlns:xsi="http://www.w3.org/2001/XMLSchema-instance" xsi:noNamespaceSchemaLocation="https://maven.apache.org/surefire/maven-surefire-plugin/xsd/surefire-test-report.xsd" name="TestSuite" time="220.894" tests="15" errors="0" skipped="4" failures="3">
  <properties>
[...]
</properties>
  <testcase name="testFive" classname="frontend.tests.TestCasesAutomationPractice" time="24.733"/>
  <testcase name="testFour" classname="frontend.tests.TestCasesAutomationPractice" time="5.442"/>
  <testcase name="testOne" classname="frontend.tests.TestCasesAutomationPractice" time="0.212"/>
  <testcase name="testThree" classname="frontend.tests.TestCasesAutomationPractice" time="0.262"/>
  <testcase name="testTwo" classname="frontend.tests.TestCasesAutomationPractice" time="0.552"/>
  <testcase name="testForms" classname="frontend.tests.TestCasesDemo" time="0.681"/>
  <testcase name="testHome" classname="frontend.tests.TestCasesDemo" time="0.257"/>
  <testcase name="testPracticeForm" classname="frontend.tests.TestCasesDemo" time="4.14"/>
  <testcase name="$verifyThatTheCarrouselHasFiveItems" classname="frontend.tests.TestCasesLibrary" time="0">
    <skipped message="Expected condition failed: waiting for text (&apos;1/5&apos;) to be present in element [[[[EdgeDriver: msedge on WINDOWS (000a620cfa40013cf81869f161009f2b)] -&gt; class name: slick-current]] -&gt; class name: paging-info] (tried for 5 second(s) with 500 milliseconds interval)&#10;Build info: version: &apos;3.141.59&apos;, revision: &apos;e82be7d358&apos;, time: &apos;2018-11-14T08:17:03&apos;&#10;System info: host: &apos;DESKTOP-0I3ILBP&apos;, ip: &apos;192.168.33.1&apos;, os.name: &apos;Windows 10&apos;, os.arch: &apos;amd64&apos;, os.version: &apos;10.0&apos;, java.version: &apos;1.8.0_251&apos;&#10;Driver info: org.openqa.selenium.edge.EdgeDriver&#10;Capabilities {acceptInsecureCerts: false, browserName: msedge, browserVersion: 105.0.1343.53, javascriptEnabled: true, ms:edgeOptions: {debuggerAddress: localhost:49286}, msedge: {msedgedriverVersion: 104.0.1293.70 (6709c341bd06..., userDataDir: C:\Users\USER~1.DES\AppData...}, networkConnectionEnabled: false, pageLoadStrategy: normal, platform: WINDOWS, platformName: WINDOWS, proxy: Proxy(), setWindowRect: true, strictFileInteractability: false, timeouts: {implicit: 0, pageLoad: 300000, script: 30000}, unhandledPromptBehavior: dismiss and notify, webauthn:extension:credBlob: true, webauthn:extension:largeBlob: true, webauthn:virtualAuthenticators: true}&#10;Session ID: 000a620cfa40013cf81869f161009f2b"/>
    <system-out><![CDATA[The name of the testcase success is :testPracticeForm
init driver
The name of the testcase started is :$verifyThatTheCarrouselHasFiveItems
]]></system-out>
    <system-err><![CDATA[Starting Microsoft Edge WebDriver 104.0.1293.70 (6709c341bd066316aaaf19f8a54f7cd676112f75) on port 33903
To submit feedback, report a bug, or suggest new features, please visit https://github.com/MicrosoftEdge/EdgeWebDriver

Only local connections are allowed.
Please see https://aka.ms/WebDriverSecurity for suggestions on keeping Microsoft Edge WebDriver safe.

Microsoft Edge WebDriver was started successfully.
[1664490079.614][WARNING]: This version of Microsoft Edge WebDriver has not been tested with Microsoft Edge version 105.
sep 29, 2022 5:21:19 PM org.openqa.selenium.remote.ProtocolHandshake createSession
INFORMACIÓN: Detected dialect: W3C
]]></system-err>
  </testcase>
  <testcase name="$verifyThatTheCarrouselHasFiveItems" classname="frontend.tests.TestCasesLibrary" time="0">
    <skipped message="chrome not reachable&#10;  (Session info: MicrosoftEdge=105.0.1343.53)&#10;Build info: version: &apos;3.141.59&apos;, revision: &apos;e82be7d358&apos;, time: &apos;2018-11-14T08:17:03&apos;&#10;System info: host: &apos;DESKTOP-0I3ILBP&apos;, ip: &apos;192.168.33.1&apos;, os.name: &apos;Windows 10&apos;, os.arch: &apos;amd64&apos;, os.version: &apos;10.0&apos;, java.version: &apos;1.8.0_251&apos;&#10;Driver info: org.openqa.selenium.edge.EdgeDriver&#10;Capabilities {acceptInsecureCerts: false, browserName: msedge, browserVersion: 105.0.1343.53, javascriptEnabled: true, ms:edgeOptions: {debuggerAddress: localhost:49286}, msedge: {msedgedriverVersion: 104.0.1293.70 (6709c341bd06..., userDataDir: C:\Users\USER~1.DES\AppData...}, networkConnectionEnabled: false, pageLoadStrategy: normal, platform: WINDOWS, platformName: WINDOWS, proxy: Proxy(), setWindowRect: true, strictFileInteractability: false, timeouts: {implicit: 0, pageLoad: 300000, script: 30000}, unhandledPromptBehavior: dismiss and notify, webauthn:extension:credBlob: true, webauthn:extension:largeBlob: true, webauthn:virtualAuthenticators: true}&#10;Session ID: 000a620cfa40013cf81869f161009f2b"/>
    <system-out><![CDATA[The name of the testcase skipped is :$verifyThatTheCarrouselHasFiveItems
The name of the testcase started is :$verifyThatTheCarrouselHasFiveItems
]]></system-out>
    <system-err><![CDATA[[1664490107.304][WARNING]: Timed out connecting to Chrome, retrying...
]]></system-err>
  </testcase>
  <testcase name="$verifyThatTheCarrouselHasFiveItems" classname="frontend.tests.TestCasesLibrary" time="0">
    <skipped message="chrome not reachable&#10;  (Session info: MicrosoftEdge=105.0.1343.53)&#10;Build info: version: &apos;3.141.59&apos;, revision: &apos;e82be7d358&apos;, time: &apos;2018-11-14T08:17:03&apos;&#10;System info: host: &apos;DESKTOP-0I3ILBP&apos;, ip: &apos;192.168.33.1&apos;, os.name: &apos;Windows 10&apos;, os.arch: &apos;amd64&apos;, os.version: &apos;10.0&apos;, java.version: &apos;1.8.0_251&apos;&#10;Driver info: org.openqa.selenium.edge.EdgeDriver&#10;Capabilities {acceptInsecureCerts: false, browserName: msedge, browserVersion: 105.0.1343.53, javascriptEnabled: true, ms:edgeOptions: {debuggerAddress: localhost:49286}, msedge: {msedgedriverVersion: 104.0.1293.70 (6709c341bd06..., userDataDir: C:\Users\USER~1.DES\AppData...}, networkConnectionEnabled: false, pageLoadStrategy: normal, platform: WINDOWS, platformName: WINDOWS, proxy: Proxy(), setWindowRect: true, strictFileInteractability: false, timeouts: {implicit: 0, pageLoad: 300000, script: 30000}, unhandledPromptBehavior: dismiss and notify, webauthn:extension:credBlob: true, webauthn:extension:largeBlob: true, webauthn:virtualAuthenticators: true}&#10;Session ID: 000a620cfa40013cf81869f161009f2b&#10;*** Element info: {Using=class name, value=slick-current}"/>
    <system-out><![CDATA[The name of the testcase skipped is :$verifyThatTheCarrouselHasFiveItems
The name of the testcase started is :$verifyThatTheCarrouselHasFiveItems
]]></system-out>
    <system-err><![CDATA[[1664490117.768][WARNING]: Timed out connecting to Chrome, retrying...
]]></system-err>
  </testcase>
  <testcase name="$verifyThatTheCarrouselHasFiveItems" classname="frontend.tests.TestCasesLibrary" time="0">
    <skipped message="chrome not reachable&#10;  (Session info: MicrosoftEdge=105.0.1343.53)&#10;Build info: version: &apos;3.141.59&apos;, revision: &apos;e82be7d358&apos;, time: &apos;2018-11-14T08:17:03&apos;&#10;System info: host: &apos;DESKTOP-0I3ILBP&apos;, ip: &apos;192.168.33.1&apos;, os.name: &apos;Windows 10&apos;, os.arch: &apos;amd64&apos;, os.version: &apos;10.0&apos;, java.version: &apos;1.8.0_251&apos;&#10;Driver info: org.openqa.selenium.edge.EdgeDriver&#10;Capabilities {acceptInsecureCerts: false, browserName: msedge, browserVersion: 105.0.1343.53, javascriptEnabled: true, ms:edgeOptions: {debuggerAddress: localhost:49286}, msedge: {msedgedriverVersion: 104.0.1293.70 (6709c341bd06..., userDataDir: C:\Users\USER~1.DES\AppData...}, networkConnectionEnabled: false, pageLoadStrategy: normal, platform: WINDOWS, platformName: WINDOWS, proxy: Proxy(), setWindowRect: true, strictFileInteractability: false, timeouts: {implicit: 0, pageLoad: 300000, script: 30000}, unhandledPromptBehavior: dismiss and notify, webauthn:extension:credBlob: true, webauthn:extension:largeBlob: true, webauthn:virtualAuthenticators: true}&#10;Session ID: 000a620cfa40013cf81869f161009f2b&#10;*** Element info: {Using=class name, value=slick-current}"/>
    <system-out><![CDATA[The name of the testcase skipped is :$verifyThatTheCarrouselHasFiveItems
The name of the testcase started is :$verifyThatTheCarrouselHasFiveItems
]]></system-out>
    <system-err><![CDATA[[1664490128.208][WARNING]: Timed out connecting to Chrome, retrying...
]]></system-err>
  </testcase>
  <testcase name="$verifyThatTheCarrouselHasFiveItems" classname="frontend.tests.TestCasesLibrary" time="10.483">
    <failure message="chrome not reachable&#10;  (Session info: MicrosoftEdge=105.0.1343.53)&#10;Build info: version: &apos;3.141.59&apos;, revision: &apos;e82be7d358&apos;, time: &apos;2018-11-14T08:17:03&apos;&#10;System info: host: &apos;DESKTOP-0I3ILBP&apos;, ip: &apos;192.168.33.1&apos;, os.name: &apos;Windows 10&apos;, os.arch: &apos;amd64&apos;, os.version: &apos;10.0&apos;, java.version: &apos;1.8.0_251&apos;&#10;Driver info: org.openqa.selenium.edge.EdgeDriver&#10;Capabilities {acceptInsecureCerts: false, browserName: msedge, browserVersion: 105.0.1343.53, javascriptEnabled: true, ms:edgeOptions: {debuggerAddress: localhost:49286}, msedge: {msedgedriverVersion: 104.0.1293.70 (6709c341bd06..., userDataDir: C:\Users\USER~1.DES\AppData...}, networkConnectionEnabled: false, pageLoadStrategy: normal, platform: WINDOWS, platformName: WINDOWS, proxy: Proxy(), setWindowRect: true, strictFileInteractability: false, timeouts: {implicit: 0, pageLoad: 300000, script: 30000}, unhandledPromptBehavior: dismiss and notify, webauthn:extension:credBlob: true, webauthn:extension:largeBlob: true, webauthn:virtualAuthenticators: true}&#10;Session ID: 000a620cfa40013cf81869f161009f2b&#10;*** Element info: {Using=class name, value=slick-current}" type="org.openqa.selenium.WebDriverException">org.openqa.selenium.WebDriverException: 
chrome not reachable
  (Session info: MicrosoftEdge=105.0.1343.53)
Build info: version: '3.141.59', revision: 'e82be7d358', time: '2018-11-14T08:17:03'
System info: host: 'DESKTOP-0I3ILBP', ip: '192.168.33.1', os.name: 'Windows 10', os.arch: 'amd64', os.version: '10.0', java.version: '1.8.0_251'
Driver info: org.openqa.selenium.edge.EdgeDriver
Capabilities {acceptInsecureCerts: false, browserName: msedge, browserVersion: 105.0.1343.53, javascriptEnabled: true, ms:edgeOptions: {debuggerAddress: localhost:49286}, msedge: {msedgedriverVersion: 104.0.1293.70 (6709c341bd06..., userDataDir: C:\Users\USER~1.DES\AppData...}, networkConnectionEnabled: false, pageLoadStrategy: normal, platform: WINDOWS, platformName: WINDOWS, proxy: Proxy(), setWindowRect: true, strictFileInteractability: false, timeouts: {implicit: 0, pageLoad: 300000, script: 30000}, unhandledPromptBehavior: dismiss and notify, webauthn:extension:credBlob: true, webauthn:extension:largeBlob: true, webauthn:virtualAuthenticators: true}
Session ID: 000a620cfa40013cf81869f161009f2b
*** Element info: {Using=class name, value=slick-current}
	at frontend.tests.TestCasesLibrary.$verifyThatTheCarrouselHasFiveItems(TestCasesLibrary.java:38)
</failure>
    <system-out><![CDATA[The name of the testcase skipped is :$verifyThatTheCarrouselHasFiveItems
The name of the testcase started is :$verifyThatTheCarrouselHasFiveItems
]]></system-out>
    <system-err><![CDATA[[1664490138.713][WARNING]: Timed out connecting to Chrome, retrying...
]]></system-err>
  </testcase>
  <testcase name="verifyThatTheTopSearchesWork" classname="frontend.tests.TestCasesLibrary" time="10.46">
    <failure message="chrome not reachable&#10;  (Session info: MicrosoftEdge=105.0.1343.53)&#10;Build info: version: &apos;3.141.59&apos;, revision: &apos;e82be7d358&apos;, time: &apos;2018-11-14T08:17:03&apos;&#10;System info: host: &apos;DESKTOP-0I3ILBP&apos;, ip: &apos;192.168.33.1&apos;, os.name: &apos;Windows 10&apos;, os.arch: &apos;amd64&apos;, os.version: &apos;10.0&apos;, java.version: &apos;1.8.0_251&apos;&#10;Driver info: org.openqa.selenium.edge.EdgeDriver&#10;Capabilities {acceptInsecureCerts: false, browserName: msedge, browserVersion: 105.0.1343.53, javascriptEnabled: true, ms:edgeOptions: {debuggerAddress: localhost:49286}, msedge: {msedgedriverVersion: 104.0.1293.70 (6709c341bd06..., userDataDir: C:\Users\USER~1.DES\AppData...}, networkConnectionEnabled: false, pageLoadStrategy: normal, platform: WINDOWS, platformName: WINDOWS, proxy: Proxy(), setWindowRect: true, strictFileInteractability: false, timeouts: {implicit: 0, pageLoad: 300000, script: 30000}, unhandledPromptBehavior: dismiss and notify, webauthn:extension:credBlob: true, webauthn:extension:largeBlob: true, webauthn:virtualAuthenticators: true}&#10;Session ID: 000a620cfa40013cf81869f161009f2b&#10;*** Element info: {Using=xpath, value=//a[contains(@id, &apos;top_searches&apos;)]}" type="org.openqa.selenium.WebDriverException">org.openqa.selenium.WebDriverException: 
chrome not reachable
  (Session info: MicrosoftEdge=105.0.1343.53)
Build info: version: '3.141.59', revision: 'e82be7d358', time: '2018-11-14T08:17:03'
System info: host: 'DESKTOP-0I3ILBP', ip: '192.168.33.1', os.name: 'Windows 10', os.arch: 'amd64', os.version: '10.0', java.version: '1.8.0_251'
Driver info: org.openqa.selenium.edge.EdgeDriver
Capabilities {acceptInsecureCerts: false, browserName: msedge, browserVersion: 105.0.1343.53, javascriptEnabled: true, ms:edgeOptions: {debuggerAddress: localhost:49286}, msedge: {msedgedriverVersion: 104.0.1293.70 (6709c341bd06..., userDataDir: C:\Users\USER~1.DES\AppData...}, networkConnectionEnabled: false, pageLoadStrategy: normal, platform: WINDOWS, platformName: WINDOWS, proxy: Proxy(), setWindowRect: true, strictFileInteractability: false, timeouts: {implicit: 0, pageLoad: 300000, script: 30000}, unhandledPromptBehavior: dismiss and notify, webauthn:extension:credBlob: true, webauthn:extension:largeBlob: true, webauthn:virtualAuthenticators: true}
Session ID: 000a620cfa40013cf81869f161009f2b
*** Element info: {Using=xpath, value=//a[contains(@id, 'top_searches')]}
	at frontend.tests.TestCasesLibrary.verifyThatTheTopSearchesWork(TestCasesLibrary.java:52)
</failure>
    <system-out><![CDATA[The name of the testcase failed is :$verifyThatTheCarrouselHasFiveItems
The name of the testcase started is :verifyThatTheTopSearchesWork
]]></system-out>
    <system-err><![CDATA[[1664490149.192][WARNING]: Timed out connecting to Chrome, retrying...
]]></system-err>
  </testcase>
  <testcase name="verifyThatTheUrlIsTheExpected" classname="frontend.tests.TestCasesLibrary" time="10.475">
    <failure message="chrome not reachable&#10;  (Session info: MicrosoftEdge=105.0.1343.53)&#10;Build info: version: &apos;3.141.59&apos;, revision: &apos;e82be7d358&apos;, time: &apos;2018-11-14T08:17:03&apos;&#10;System info: host: &apos;DESKTOP-0I3ILBP&apos;, ip: &apos;192.168.33.1&apos;, os.name: &apos;Windows 10&apos;, os.arch: &apos;amd64&apos;, os.version: &apos;10.0&apos;, java.version: &apos;1.8.0_251&apos;&#10;Driver info: org.openqa.selenium.edge.EdgeDriver&#10;Capabilities {acceptInsecureCerts: false, browserName: msedge, browserVersion: 105.0.1343.53, javascriptEnabled: true, ms:edgeOptions: {debuggerAddress: localhost:49286}, msedge: {msedgedriverVersion: 104.0.1293.70 (6709c341bd06..., userDataDir: C:\Users\USER~1.DES\AppData...}, networkConnectionEnabled: false, pageLoadStrategy: normal, platform: WINDOWS, platformName: WINDOWS, proxy: Proxy(), setWindowRect: true, strictFileInteractability: false, timeouts: {implicit: 0, pageLoad: 300000, script: 30000}, unhandledPromptBehavior: dismiss and notify, webauthn:extension:credBlob: true, webauthn:extension:largeBlob: true, webauthn:virtualAuthenticators: true}&#10;Session ID: 000a620cfa40013cf81869f161009f2b&#10;*** Element info: {Using=class name, value=header-logo}" type="org.openqa.selenium.WebDriverException">org.openqa.selenium.WebDriverException: 
chrome not reachable
  (Session info: MicrosoftEdge=105.0.1343.53)
Build info: version: '3.141.59', revision: 'e82be7d358', time: '2018-11-14T08:17:03'
System info: host: 'DESKTOP-0I3ILBP', ip: '192.168.33.1', os.name: 'Windows 10', os.arch: 'amd64', os.version: '10.0', java.version: '1.8.0_251'
Driver info: org.openqa.selenium.edge.EdgeDriver
Capabilities {acceptInsecureCerts: false, browserName: msedge, browserVersion: 105.0.1343.53, javascriptEnabled: true, ms:edgeOptions: {debuggerAddress: localhost:49286}, msedge: {msedgedriverVersion: 104.0.1293.70 (6709c341bd06..., userDataDir: C:\Users\USER~1.DES\AppData...}, networkConnectionEnabled: false, pageLoadStrategy: normal, platform: WINDOWS, platformName: WINDOWS, proxy: Proxy(), setWindowRect: true, strictFileInteractability: false, timeouts: {implicit: 0, pageLoad: 300000, script: 30000}, unhandledPromptBehavior: dismiss and notify, webauthn:extension:credBlob: true, webauthn:extension:largeBlob: true, webauthn:virtualAuthenticators: true}
Session ID: 000a620cfa40013cf81869f161009f2b
*** Element info: {Using=class name, value=header-logo}
	at frontend.tests.TestCasesLibrary.verifyThatTheUrlIsTheExpected(TestCasesLibrary.java:26)
</failure>
    <system-out><![CDATA[The name of the testcase failed is :verifyThatTheTopSearchesWork
The name of the testcase started is :verifyThatTheUrlIsTheExpected
]]></system-out>
    <system-err><![CDATA[[1664490159.665][WARNING]: Timed out connecting to Chrome, retrying...
]]></system-err>
  </testcase>
</testsuite>