<?xml version="1.0" encoding="UTF-8"?>
<!-- Generated by org.testng.reporters.JUnitXMLReporter -->
<testsuite hostname="DESKTOP-0I3ILBP" ignored="0" name="Regression Backend" tests="5" failures="3" timestamp="29 sep 2022 22:09:27 GMT" time="11.31" errors="0">
  <testcase name="testFieldsOfRoomsResponse" time="1.943" classname="backend.tests.RoomGetTest"/>
  <testcase name="testGetToken" time="1.317" classname="backend.tests.PostCredentialsTest"/>
  <testcase name="postBooking" time="2.982" classname="backend.tests.PostBookingTest">
    <failure type="java.lang.AssertionError" message="The code responses is not the expected expected [201] but found [409]">
      <![CDATA[java.lang.AssertionError: The code responses is not the expected expected [201] but found [409]
at backend.tests.PostBookingTest.postBooking(PostBookingTest.java:53)
... Removed 34 stack frames]]>
    </failure>
  </testcase> <!-- postBooking -->
  <testcase name="postBooking" time="2.135" classname="backend.tests.PostBookingTest">
    <failure type="java.lang.AssertionError" message="The code responses is not the expected expected [201] but found [409]">
      <![CDATA[java.lang.AssertionError: The code responses is not the expected expected [201] but found [409]
at backend.tests.PostBookingTest.postBooking(PostBookingTest.java:53)
... Removed 34 stack frames]]>
    </failure>
  </testcase> <!-- postBooking -->
  <testcase name="postBooking" time="2.26" classname="backend.tests.PostBookingTest">
    <failure type="java.lang.AssertionError" message="The code responses is not the expected expected [201] but found [409]">
      <![CDATA[java.lang.AssertionError: The code responses is not the expected expected [201] but found [409]
at backend.tests.PostBookingTest.postBooking(PostBookingTest.java:53)
... Removed 34 stack frames]]>
    </failure>
  </testcase> <!-- postBooking -->
</testsuite> <!-- Regression Backend -->
